<?xml version="1.0" encoding="UTF-8"?>
<testsuite name="EventPackerTest" tests="1" skipped="0" failures="0" errors="0" timestamp="2022-02-13T19:24:53" hostname="mpadovani-ltm2.internal.salesforce.com" time="89.71">
  <properties/>
  <testcase name="testMeetingsVeryLarge()" classname="EventPackerTest" time="89.71"/>
  <system-out><![CDATA[]]></system-out>
  <system-err><![CDATA[]]></system-err>
</testsuite>
